<?xml version="1.0" encoding="UTF-8"?>
<!-- Generated by org.testng.reporters.JUnitXMLReporter -->
<testsuite ignored="4" hostname="LAPTOP-K98R35IJ" failures="0" tests="2" name="Default test" time="7.403" errors="0" timestamp="2025-10-02T22:07:19 IST">
  <testcase classname="com.lifeup.swaglab.test.ProductsTest" name="checkoutProduct" time="1.262"/>
  <testcase classname="com.lifeup.swaglab.test.ProductsTest" name="checkoutProduct" time="1.176"/>
  <testcase classname="com.lifeup.swaglab.test.ProductsTest" name="demo" time="0.0">
    <ignored/>
  </testcase> <!-- demo -->
  <testcase classname="com.lifeup.swaglab.test.ProductsTest" name="verifyProducts" time="0.0">
    <ignored/>
  </testcase> <!-- verifyProducts -->
  <testcase classname="com.lifeup.swaglab.test.ProductsTest" name="verifyProductsTitle" time="0.0">
    <ignored/>
  </testcase> <!-- verifyProductsTitle -->
  <testcase classname="com.lifeup.swaglab.test.ProductsTest" name="VerifyProdcutsAddedOrNotInShoppingCart" time="0.0">
    <ignored/>
  </testcase> <!-- VerifyProdcutsAddedOrNotInShoppingCart -->
</testsuite> <!-- Default test -->
