<?xml version="1.0" encoding="UTF-8"?>
<!-- Generated by org.testng.reporters.JUnitXMLReporter -->
<testsuite ignored="0" hostname="LAPTOP-K98R35IJ" failures="0" tests="9" name="Test" time="21.931" errors="0" timestamp="2025-10-02T21:31:31 IST">
  <testcase classname="com.lifeup.swaglab.test.LoginTest" name="loginWithInValidUserNameAndValidPassword" time="0.306"/>
  <testcase classname="com.lifeup.swaglab.test.LoginTest" name="loginWithValidCredentials" time="0.344"/>
  <testcase classname="com.lifeup.swaglab.test.LoginTest" name="loginWithValidUserNameAndInvalidPassword" time="0.296"/>
  <testcase classname="com.lifeup.swaglab.test.ProductsTest" name="VerifyProdcutsAddedOrNotInShoppingCart" time="0.467"/>
  <testcase classname="com.lifeup.swaglab.test.ProductsTest" name="VerifyProdcutsAddedOrNotInShoppingCart" time="0.599"/>
  <testcase classname="com.lifeup.swaglab.test.ProductsTest" name="checkoutProduct" time="1.113"/>
  <testcase classname="com.lifeup.swaglab.test.ProductsTest" name="checkoutProduct" time="1.079"/>
  <testcase classname="com.lifeup.swaglab.test.ProductsTest" name="verifyProducts" time="0.453"/>
  <testcase classname="com.lifeup.swaglab.test.ProductsTest" name="verifyProductsTitle" time="0.328"/>
</testsuite> <!-- Test -->
