<?xml version="1.0" encoding="UTF-8"?>
<testng-results ignored="4" total="6" passed="2" failed="0" skipped="0">
  <reporter-output>
  </reporter-output>
  <suite started-at="2025-10-02T22:07:12 IST" name="Default suite" finished-at="2025-10-02T22:07:19 IST" duration-ms="7403">
    <groups>
    </groups>
    <test started-at="2025-10-02T22:07:12 IST" name="Default test" finished-at="2025-10-02T22:07:19 IST" duration-ms="7403">
      <class name="com.lifeup.swaglab.test.ProductsTest">
        <test-method is-config="true" signature="init()[pri:0, instance:com.lifeup.swaglab.test.ProductsTest@2d1ef81a]" started-at="2025-10-02T22:07:13 IST" name="init" finished-at="2025-10-02T22:07:15 IST" duration-ms="2201" status="PASS">
          <reporter-output>
          </reporter-output>
        </test-method> <!-- init -->
        <test-method signature="checkoutProduct(java.util.Map)[pri:0, instance:com.lifeup.swaglab.test.ProductsTest@2d1ef81a]" started-at="2025-10-02T22:07:15 IST" name="checkoutProduct" data-provider="checkout" finished-at="2025-10-02T22:07:16 IST" duration-ms="1262" status="PASS">
          <params>
            <param index="0">
              <value>
                <![CDATA[{SCN_ID=SCN_Checkout_001, LastName=XYZ, ProductName=Sauce Labs Bike Light, CompleteMessage=Thank you for your order!, FirstName=Bhagwan, ZipCode=1234}]]>
              </value>
            </param>
          </params>
          <reporter-output>
          </reporter-output>
        </test-method> <!-- checkoutProduct -->
        <test-method is-config="true" signature="tearDown()[pri:0, instance:com.lifeup.swaglab.test.ProductsTest@2d1ef81a]" started-at="2025-10-02T22:07:16 IST" name="tearDown" finished-at="2025-10-02T22:07:16 IST" duration-ms="152" status="PASS">
          <reporter-output>
          </reporter-output>
        </test-method> <!-- tearDown -->
        <test-method is-config="true" signature="init()[pri:0, instance:com.lifeup.swaglab.test.ProductsTest@2d1ef81a]" started-at="2025-10-02T22:07:16 IST" name="init" finished-at="2025-10-02T22:07:18 IST" duration-ms="1524" status="PASS">
          <reporter-output>
          </reporter-output>
        </test-method> <!-- init -->
        <test-method signature="checkoutProduct(java.util.Map)[pri:0, instance:com.lifeup.swaglab.test.ProductsTest@2d1ef81a]" started-at="2025-10-02T22:07:18 IST" name="checkoutProduct" data-provider="checkout" finished-at="2025-10-02T22:07:19 IST" duration-ms="1176" status="PASS">
          <params>
            <param index="0">
              <value>
                <![CDATA[{SCN_ID=SCN_Checkout_002, LastName=ABCD, ProductName=Sauce Labs Bolt T-Shirt, CompleteMessage=Thank you for your order!, FirstName=Suraj, ZipCode=213}]]>
              </value>
            </param>
          </params>
          <reporter-output>
          </reporter-output>
        </test-method> <!-- checkoutProduct -->
        <test-method is-config="true" signature="tearDown()[pri:0, instance:com.lifeup.swaglab.test.ProductsTest@2d1ef81a]" started-at="2025-10-02T22:07:19 IST" name="tearDown" finished-at="2025-10-02T22:07:19 IST" duration-ms="115" status="PASS">
          <reporter-output>
          </reporter-output>
        </test-method> <!-- tearDown -->
      </class> <!-- com.lifeup.swaglab.test.ProductsTest -->
    </test> <!-- Default test -->
  </suite> <!-- Default suite -->
</testng-results>
